2024-09-28T11:06:54.191+05:30  INFO 15640 --- [booktickets] [main] c.e.booktickets.BookticketsApplication   : Starting BookticketsApplication using Java 17 with PID 15640 (C:\Users\91765\Downloads\booktickets\booktickets\target\classes started by 91765 in C:\Users\91765\Downloads\booktickets\booktickets)
2024-09-28T11:06:54.197+05:30  INFO 15640 --- [booktickets] [main] c.e.booktickets.BookticketsApplication   : No active profile set, falling back to 1 default profile: "default"
2024-09-28T11:06:55.398+05:30  INFO 15640 --- [booktickets] [main] o.s.b.w.embedded.tomcat.TomcatWebServer  : Tomcat initialized with port 8080 (http)
2024-09-28T11:06:55.416+05:30  INFO 15640 --- [booktickets] [main] o.apache.catalina.core.StandardService   : Starting service [Tomcat]
2024-09-28T11:06:55.416+05:30  INFO 15640 --- [booktickets] [main] o.apache.catalina.core.StandardEngine    : Starting Servlet engine: [Apache Tomcat/10.1.30]
2024-09-28T11:06:55.498+05:30  INFO 15640 --- [booktickets] [main] o.a.c.c.C.[Tomcat].[localhost].[/]       : Initializing Spring embedded WebApplicationContext
2024-09-28T11:06:55.499+05:30  INFO 15640 --- [booktickets] [main] w.s.c.ServletWebServerApplicationContext : Root WebApplicationContext: initialization completed in 1231 ms
2024-09-28T11:06:55.933+05:30  INFO 15640 --- [booktickets] [main] o.s.b.w.embedded.tomcat.TomcatWebServer  : Tomcat started on port 8080 (http) with context path '/'
2024-09-28T11:06:55.944+05:30  INFO 15640 --- [booktickets] [main] c.e.booktickets.BookticketsApplication   : Started BookticketsApplication in 2.266 seconds (process running for 2.921)
2024-09-28T11:07:05.299+05:30  INFO 15640 --- [booktickets] [http-nio-8080-exec-4] o.a.c.c.C.[Tomcat].[localhost].[/]       : Initializing Spring DispatcherServlet 'dispatcherServlet'
2024-09-28T11:07:05.300+05:30  INFO 15640 --- [booktickets] [http-nio-8080-exec-4] o.s.web.servlet.DispatcherServlet        : Initializing Servlet 'dispatcherServlet'
2024-09-28T11:07:05.301+05:30  INFO 15640 --- [booktickets] [http-nio-8080-exec-4] o.s.web.servlet.DispatcherServlet        : Completed initialization in 1 ms
2024-09-28T11:07:05.461+05:30  INFO 15640 --- [booktickets] [http-nio-8080-exec-4] c.e.b.controller.BookTicketController    : BookTicketController :: buyTicket :: Purchasing Ticket 
2024-09-28T11:07:05.461+05:30  INFO 15640 --- [booktickets] [http-nio-8080-exec-4] c.e.b.service.BookTicketServiceImpl      : BookTicketServiceImpl :: buyTicket :: Purchasing ticket for user: bansals@gmail.com
2024-09-28T11:07:05.463+05:30  INFO 15640 --- [booktickets] [http-nio-8080-exec-4] c.e.b.service.BookTicketServiceImpl      : BookTicketServiceImpl :: getRandomSection :: Randomly selected section: B
2024-09-28T11:07:05.463+05:30  INFO 15640 --- [booktickets] [http-nio-8080-exec-4] c.e.b.service.BookTicketServiceImpl      : BookTicketServiceImpl :: generateSeatNumber :: Generated seat number: B1 for section: B
2024-09-28T11:07:05.463+05:30  INFO 15640 --- [booktickets] [http-nio-8080-exec-4] c.e.b.service.BookTicketServiceImpl      : BookTicketServiceImpl :: buyTicket :: Ticket purchased successfully for user: bansals@gmail.com with seat: B1
2024-09-28T11:07:05.463+05:30  INFO 15640 --- [booktickets] [http-nio-8080-exec-4] c.e.b.controller.BookTicketController    : BookTicketController :: buyTicket :: Purchase Successful 
2024-09-28T11:07:22.887+05:30  INFO 15640 --- [booktickets] [http-nio-8080-exec-3] c.e.b.controller.BookTicketController    : BookTicketController :: buyTicket :: Purchasing Ticket 
2024-09-28T11:07:22.887+05:30  INFO 15640 --- [booktickets] [http-nio-8080-exec-3] c.e.b.service.BookTicketServiceImpl      : BookTicketServiceImpl :: buyTicket :: Purchasing ticket for user: 
2024-09-28T11:07:22.887+05:30  INFO 15640 --- [booktickets] [http-nio-8080-exec-3] c.e.b.service.BookTicketServiceImpl      : BookTicketServiceImpl :: getRandomSection :: Randomly selected section: B
2024-09-28T11:07:22.887+05:30  INFO 15640 --- [booktickets] [http-nio-8080-exec-3] c.e.b.service.BookTicketServiceImpl      : BookTicketServiceImpl :: generateSeatNumber :: Generated seat number: B2 for section: B
2024-09-28T11:07:22.887+05:30  INFO 15640 --- [booktickets] [http-nio-8080-exec-3] c.e.b.service.BookTicketServiceImpl      : BookTicketServiceImpl :: buyTicket :: Ticket purchased successfully for user:  with seat: B2
2024-09-28T11:07:22.887+05:30  INFO 15640 --- [booktickets] [http-nio-8080-exec-3] c.e.b.controller.BookTicketController    : BookTicketController :: buyTicket :: Purchase Successful 
2024-09-28T11:08:22.024+05:30  INFO 15640 --- [booktickets] [http-nio-8080-exec-9] c.e.b.controller.BookTicketController    : BookTicketController :: buyTicket :: Purchasing Ticket 
2024-09-28T11:08:22.024+05:30  INFO 15640 --- [booktickets] [http-nio-8080-exec-9] c.e.b.service.BookTicketServiceImpl      : BookTicketServiceImpl :: buyTicket :: Purchasing ticket for user: 
2024-09-28T11:08:22.024+05:30  INFO 15640 --- [booktickets] [http-nio-8080-exec-9] c.e.b.service.BookTicketServiceImpl      : BookTicketServiceImpl :: getRandomSection :: Randomly selected section: A
2024-09-28T11:08:22.024+05:30  INFO 15640 --- [booktickets] [http-nio-8080-exec-9] c.e.b.service.BookTicketServiceImpl      : BookTicketServiceImpl :: generateSeatNumber :: Generated seat number: A1 for section: A
2024-09-28T11:08:22.024+05:30  INFO 15640 --- [booktickets] [http-nio-8080-exec-9] c.e.b.service.BookTicketServiceImpl      : BookTicketServiceImpl :: buyTicket :: Ticket purchased successfully for user:  with seat: A1
2024-09-28T11:08:22.024+05:30  INFO 15640 --- [booktickets] [http-nio-8080-exec-9] c.e.b.controller.BookTicketController    : BookTicketController :: buyTicket :: Purchase Successful 
2024-09-28T11:09:04.525+05:30  INFO 21576 --- [booktickets] [main] c.e.booktickets.BookticketsApplication   : Starting BookticketsApplication using Java 17 with PID 21576 (C:\Users\91765\Downloads\booktickets\booktickets\target\classes started by 91765 in C:\Users\91765\Downloads\booktickets\booktickets)
2024-09-28T11:09:04.528+05:30  INFO 21576 --- [booktickets] [main] c.e.booktickets.BookticketsApplication   : No active profile set, falling back to 1 default profile: "default"
2024-09-28T11:09:05.465+05:30  INFO 21576 --- [booktickets] [main] o.s.b.w.embedded.tomcat.TomcatWebServer  : Tomcat initialized with port 8080 (http)
2024-09-28T11:09:05.477+05:30  INFO 21576 --- [booktickets] [main] o.apache.catalina.core.StandardService   : Starting service [Tomcat]
2024-09-28T11:09:05.477+05:30  INFO 21576 --- [booktickets] [main] o.apache.catalina.core.StandardEngine    : Starting Servlet engine: [Apache Tomcat/10.1.30]
2024-09-28T11:09:05.527+05:30  INFO 21576 --- [booktickets] [main] o.a.c.c.C.[Tomcat].[localhost].[/]       : Initializing Spring embedded WebApplicationContext
2024-09-28T11:09:05.527+05:30  INFO 21576 --- [booktickets] [main] w.s.c.ServletWebServerApplicationContext : Root WebApplicationContext: initialization completed in 938 ms
2024-09-28T11:09:05.888+05:30  INFO 21576 --- [booktickets] [main] o.s.b.w.embedded.tomcat.TomcatWebServer  : Tomcat started on port 8080 (http) with context path '/'
2024-09-28T11:09:05.899+05:30  INFO 21576 --- [booktickets] [main] c.e.booktickets.BookticketsApplication   : Started BookticketsApplication in 1.828 seconds (process running for 2.405)
2024-09-28T11:09:14.352+05:30  INFO 21576 --- [booktickets] [http-nio-8080-exec-1] o.a.c.c.C.[Tomcat].[localhost].[/]       : Initializing Spring DispatcherServlet 'dispatcherServlet'
2024-09-28T11:09:14.352+05:30  INFO 21576 --- [booktickets] [http-nio-8080-exec-1] o.s.web.servlet.DispatcherServlet        : Initializing Servlet 'dispatcherServlet'
2024-09-28T11:09:14.360+05:30  INFO 21576 --- [booktickets] [http-nio-8080-exec-1] o.s.web.servlet.DispatcherServlet        : Completed initialization in 8 ms
2024-09-28T11:11:47.568+05:30  INFO 21576 --- [booktickets] [http-nio-8080-exec-7] c.e.b.controller.BookTicketController    : BookTicketController :: buyTicket :: Purchasing Ticket 
2024-09-28T11:11:47.568+05:30  INFO 21576 --- [booktickets] [http-nio-8080-exec-7] c.e.b.service.BookTicketServiceImpl      : BookTicketServiceImpl :: buyTicket :: Purchasing ticket for user: bansals@gmail.com
2024-09-28T11:11:47.571+05:30  INFO 21576 --- [booktickets] [http-nio-8080-exec-7] c.e.b.service.BookTicketServiceImpl      : BookTicketServiceImpl :: getRandomSection :: Randomly selected section: B
2024-09-28T11:11:47.571+05:30  INFO 21576 --- [booktickets] [http-nio-8080-exec-7] c.e.b.service.BookTicketServiceImpl      : BookTicketServiceImpl :: generateSeatNumber :: Generated seat number: B1 for section: B
2024-09-28T11:11:47.571+05:30  INFO 21576 --- [booktickets] [http-nio-8080-exec-7] c.e.b.service.BookTicketServiceImpl      : BookTicketServiceImpl :: buyTicket :: Ticket purchased successfully for user: bansals@gmail.com with seat: B1
2024-09-28T11:11:47.571+05:30  INFO 21576 --- [booktickets] [http-nio-8080-exec-7] c.e.b.controller.BookTicketController    : BookTicketController :: buyTicket :: Purchase Successful 
2024-09-28T11:11:57.061+05:30  INFO 21576 --- [booktickets] [http-nio-8080-exec-3] c.e.b.controller.BookTicketController    : BookTicketController :: getTicketDetails :: Fetching ticket details for Email: bansal@gmail.com
2024-09-28T11:11:57.061+05:30  INFO 21576 --- [booktickets] [http-nio-8080-exec-3] c.e.b.service.BookTicketServiceImpl      : BookTicketServiceImpl :: getTicketDetails :: Fetching ticket details for email: bansal@gmail.com
2024-09-28T11:11:57.061+05:30  INFO 21576 --- [booktickets] [http-nio-8080-exec-3] c.e.b.service.BookTicketServiceImpl      : BookTicketServiceImpl :: getTicketDetails :: No ticket found for email: bansal@gmail.com
2024-09-28T11:11:57.061+05:30  INFO 21576 --- [booktickets] [http-nio-8080-exec-3] c.e.b.controller.BookTicketController    : BookTicketController :: getTicketDetails :: Ticket not found for Email: bansal@gmail.com
2024-09-28T11:12:07.952+05:30  INFO 21576 --- [booktickets] [http-nio-8080-exec-8] c.e.b.controller.BookTicketController    : BookTicketController :: getTicketDetails :: Fetching ticket details for Email: bansals@gmail.com
2024-09-28T11:12:07.952+05:30  INFO 21576 --- [booktickets] [http-nio-8080-exec-8] c.e.b.service.BookTicketServiceImpl      : BookTicketServiceImpl :: getTicketDetails :: Fetching ticket details for email: bansals@gmail.com
2024-09-28T11:12:07.954+05:30  INFO 21576 --- [booktickets] [http-nio-8080-exec-8] c.e.b.service.BookTicketServiceImpl      : BookTicketServiceImpl :: getTicketDetails :: Ticket found for email: bansals@gmail.com
2024-09-28T11:12:07.954+05:30  INFO 21576 --- [booktickets] [http-nio-8080-exec-8] c.e.b.controller.BookTicketController    : BookTicketController :: getTicketDetails :: Ticket details retrieved successfully for Email: bansals@gmail.com
2024-09-28T11:12:15.253+05:30  INFO 21576 --- [booktickets] [http-nio-8080-exec-4] c.e.b.controller.BookTicketController    : BookTicketController :: getTicketsForSection :: Fetching tickets for Section: b
2024-09-28T11:12:15.253+05:30  INFO 21576 --- [booktickets] [http-nio-8080-exec-4] c.e.b.service.BookTicketServiceImpl      : BookTicketServiceImpl :: getTicketsForSection :: Fetching tickets for section: b
2024-09-28T11:12:15.253+05:30  INFO 21576 --- [booktickets] [http-nio-8080-exec-4] c.e.b.service.BookTicketServiceImpl      : BookTicketServiceImpl :: getTicketsForSection :: No tickets found for section: b
2024-09-28T11:12:15.253+05:30  INFO 21576 --- [booktickets] [http-nio-8080-exec-4] c.e.b.controller.BookTicketController    : BookTicketController :: getTicketsForSection :: No tickets found for Section: b
2024-09-28T11:12:28.515+05:30  INFO 21576 --- [booktickets] [http-nio-8080-exec-10] c.e.b.controller.BookTicketController    : BookTicketController :: getTicketsForSection :: Fetching tickets for Section: b
2024-09-28T11:12:28.516+05:30  INFO 21576 --- [booktickets] [http-nio-8080-exec-10] c.e.b.service.BookTicketServiceImpl      : BookTicketServiceImpl :: getTicketsForSection :: Fetching tickets for section: b
2024-09-28T11:12:28.516+05:30  INFO 21576 --- [booktickets] [http-nio-8080-exec-10] c.e.b.service.BookTicketServiceImpl      : BookTicketServiceImpl :: getTicketsForSection :: No tickets found for section: b
2024-09-28T11:12:28.516+05:30  INFO 21576 --- [booktickets] [http-nio-8080-exec-10] c.e.b.controller.BookTicketController    : BookTicketController :: getTicketsForSection :: No tickets found for Section: b
2024-09-28T11:12:34.222+05:30  INFO 21576 --- [booktickets] [http-nio-8080-exec-2] c.e.b.controller.BookTicketController    : BookTicketController :: getTicketsForSection :: Fetching tickets for Section: a
2024-09-28T11:12:34.222+05:30  INFO 21576 --- [booktickets] [http-nio-8080-exec-2] c.e.b.service.BookTicketServiceImpl      : BookTicketServiceImpl :: getTicketsForSection :: Fetching tickets for section: a
2024-09-28T11:12:34.222+05:30  INFO 21576 --- [booktickets] [http-nio-8080-exec-2] c.e.b.service.BookTicketServiceImpl      : BookTicketServiceImpl :: getTicketsForSection :: No tickets found for section: a
2024-09-28T11:12:34.222+05:30  INFO 21576 --- [booktickets] [http-nio-8080-exec-2] c.e.b.controller.BookTicketController    : BookTicketController :: getTicketsForSection :: No tickets found for Section: a
2024-09-28T11:14:35.080+05:30  INFO 22664 --- [booktickets] [main] c.e.booktickets.BookticketsApplication   : Starting BookticketsApplication using Java 17 with PID 22664 (C:\Users\91765\Downloads\booktickets\booktickets\target\classes started by 91765 in C:\Users\91765\Downloads\booktickets\booktickets)
2024-09-28T11:14:35.082+05:30  INFO 22664 --- [booktickets] [main] c.e.booktickets.BookticketsApplication   : No active profile set, falling back to 1 default profile: "default"
2024-09-28T11:14:35.837+05:30  INFO 22664 --- [booktickets] [main] o.s.b.w.embedded.tomcat.TomcatWebServer  : Tomcat initialized with port 8080 (http)
2024-09-28T11:14:35.848+05:30  INFO 22664 --- [booktickets] [main] o.apache.catalina.core.StandardService   : Starting service [Tomcat]
2024-09-28T11:14:35.849+05:30  INFO 22664 --- [booktickets] [main] o.apache.catalina.core.StandardEngine    : Starting Servlet engine: [Apache Tomcat/10.1.30]
2024-09-28T11:14:35.892+05:30  INFO 22664 --- [booktickets] [main] o.a.c.c.C.[Tomcat].[localhost].[/]       : Initializing Spring embedded WebApplicationContext
2024-09-28T11:14:35.893+05:30  INFO 22664 --- [booktickets] [main] w.s.c.ServletWebServerApplicationContext : Root WebApplicationContext: initialization completed in 767 ms
2024-09-28T11:14:36.221+05:30  INFO 22664 --- [booktickets] [main] o.s.b.w.embedded.tomcat.TomcatWebServer  : Tomcat started on port 8080 (http) with context path '/'
2024-09-28T11:14:36.229+05:30  INFO 22664 --- [booktickets] [main] c.e.booktickets.BookticketsApplication   : Started BookticketsApplication in 1.546 seconds (process running for 2.016)
2024-09-28T11:14:39.956+05:30  INFO 22664 --- [booktickets] [http-nio-8080-exec-2] o.a.c.c.C.[Tomcat].[localhost].[/]       : Initializing Spring DispatcherServlet 'dispatcherServlet'
2024-09-28T11:14:39.957+05:30  INFO 22664 --- [booktickets] [http-nio-8080-exec-2] o.s.web.servlet.DispatcherServlet        : Initializing Servlet 'dispatcherServlet'
2024-09-28T11:14:39.958+05:30  INFO 22664 --- [booktickets] [http-nio-8080-exec-2] o.s.web.servlet.DispatcherServlet        : Completed initialization in 1 ms
2024-09-28T11:14:40.086+05:30  INFO 22664 --- [booktickets] [http-nio-8080-exec-2] c.e.b.controller.BookTicketController    : BookTicketController :: buyTicket :: Purchasing Ticket 
2024-09-28T11:14:40.087+05:30  INFO 22664 --- [booktickets] [http-nio-8080-exec-2] c.e.b.service.BookTicketServiceImpl      : BookTicketServiceImpl :: buyTicket :: Purchasing ticket for user: bansals@gmail.com
2024-09-28T11:14:40.088+05:30  INFO 22664 --- [booktickets] [http-nio-8080-exec-2] c.e.b.service.BookTicketServiceImpl      : BookTicketServiceImpl :: getRandomSection :: Randomly selected section: A
2024-09-28T11:14:40.088+05:30  INFO 22664 --- [booktickets] [http-nio-8080-exec-2] c.e.b.service.BookTicketServiceImpl      : BookTicketServiceImpl :: generateSeatNumber :: Generated seat number: A1 for section: A
2024-09-28T11:14:40.088+05:30  INFO 22664 --- [booktickets] [http-nio-8080-exec-2] c.e.b.service.BookTicketServiceImpl      : BookTicketServiceImpl :: buyTicket :: Ticket purchased successfully for user: bansals@gmail.com with seat: A1
2024-09-28T11:14:40.088+05:30  INFO 22664 --- [booktickets] [http-nio-8080-exec-2] c.e.b.controller.BookTicketController    : BookTicketController :: buyTicket :: Purchase Successful 
2024-09-28T11:14:44.330+05:30  INFO 22664 --- [booktickets] [http-nio-8080-exec-6] c.e.b.controller.BookTicketController    : BookTicketController :: getTicketDetails :: Fetching ticket details for Email: bansals@gmail.com
2024-09-28T11:14:44.330+05:30  INFO 22664 --- [booktickets] [http-nio-8080-exec-6] c.e.b.service.BookTicketServiceImpl      : BookTicketServiceImpl :: getTicketDetails :: Fetching ticket details for email: bansals@gmail.com
2024-09-28T11:14:44.330+05:30  INFO 22664 --- [booktickets] [http-nio-8080-exec-6] c.e.b.service.BookTicketServiceImpl      : BookTicketServiceImpl :: getTicketDetails :: Ticket found for email: bansals@gmail.com
2024-09-28T11:14:44.330+05:30  INFO 22664 --- [booktickets] [http-nio-8080-exec-6] c.e.b.controller.BookTicketController    : BookTicketController :: getTicketDetails :: Ticket details retrieved successfully for Email: bansals@gmail.com
2024-09-28T11:15:48.179+05:30  INFO 22664 --- [booktickets] [http-nio-8080-exec-3] c.e.b.controller.BookTicketController    : BookTicketController :: getTicketsForSection :: Fetching tickets for Section: a
2024-09-28T11:15:48.181+05:30  INFO 22664 --- [booktickets] [http-nio-8080-exec-3] c.e.b.service.BookTicketServiceImpl      : BookTicketServiceImpl :: getTicketsForSection :: Fetching tickets for section: a
2024-09-28T11:15:48.181+05:30  INFO 22664 --- [booktickets] [http-nio-8080-exec-3] c.e.b.service.BookTicketServiceImpl      : BookTicketServiceImpl :: getTicketsForSection :: No tickets found for section: a
2024-09-28T11:15:48.181+05:30  INFO 22664 --- [booktickets] [http-nio-8080-exec-3] c.e.b.controller.BookTicketController    : BookTicketController :: getTicketsForSection :: No tickets found for Section: a
2024-09-28T11:18:16.400+05:30  INFO 13140 --- [booktickets] [main] c.e.booktickets.BookticketsApplication   : Starting BookticketsApplication using Java 17 with PID 13140 (C:\Users\91765\Downloads\booktickets\booktickets\target\classes started by 91765 in C:\Users\91765\Downloads\booktickets\booktickets)
2024-09-28T11:18:16.404+05:30  INFO 13140 --- [booktickets] [main] c.e.booktickets.BookticketsApplication   : No active profile set, falling back to 1 default profile: "default"
2024-09-28T11:18:17.210+05:30  INFO 13140 --- [booktickets] [main] o.s.b.w.embedded.tomcat.TomcatWebServer  : Tomcat initialized with port 8080 (http)
2024-09-28T11:18:17.223+05:30  INFO 13140 --- [booktickets] [main] o.apache.catalina.core.StandardService   : Starting service [Tomcat]
2024-09-28T11:18:17.223+05:30  INFO 13140 --- [booktickets] [main] o.apache.catalina.core.StandardEngine    : Starting Servlet engine: [Apache Tomcat/10.1.30]
2024-09-28T11:18:17.275+05:30  INFO 13140 --- [booktickets] [main] o.a.c.c.C.[Tomcat].[localhost].[/]       : Initializing Spring embedded WebApplicationContext
2024-09-28T11:18:17.275+05:30  INFO 13140 --- [booktickets] [main] w.s.c.ServletWebServerApplicationContext : Root WebApplicationContext: initialization completed in 824 ms
2024-09-28T11:18:17.625+05:30  INFO 13140 --- [booktickets] [main] o.s.b.w.embedded.tomcat.TomcatWebServer  : Tomcat started on port 8080 (http) with context path '/'
2024-09-28T11:18:17.634+05:30  INFO 13140 --- [booktickets] [main] c.e.booktickets.BookticketsApplication   : Started BookticketsApplication in 1.658 seconds (process running for 2.228)
2024-09-28T11:18:21.434+05:30  INFO 13140 --- [booktickets] [http-nio-8080-exec-1] o.a.c.c.C.[Tomcat].[localhost].[/]       : Initializing Spring DispatcherServlet 'dispatcherServlet'
2024-09-28T11:18:21.434+05:30  INFO 13140 --- [booktickets] [http-nio-8080-exec-1] o.s.web.servlet.DispatcherServlet        : Initializing Servlet 'dispatcherServlet'
2024-09-28T11:18:21.436+05:30  INFO 13140 --- [booktickets] [http-nio-8080-exec-1] o.s.web.servlet.DispatcherServlet        : Completed initialization in 2 ms
2024-09-28T11:18:21.602+05:30  INFO 13140 --- [booktickets] [http-nio-8080-exec-1] c.e.b.controller.BookTicketController    : BookTicketController :: buyTicket :: Purchasing Ticket 
2024-09-28T11:18:21.602+05:30  INFO 13140 --- [booktickets] [http-nio-8080-exec-1] c.e.b.service.BookTicketServiceImpl      : BookTicketServiceImpl :: buyTicket :: Purchasing ticket for user: bansals@gmail.com
2024-09-28T11:18:21.604+05:30  INFO 13140 --- [booktickets] [http-nio-8080-exec-1] c.e.b.service.BookTicketServiceImpl      : BookTicketServiceImpl :: getRandomSection :: Randomly selected section: B
2024-09-28T11:18:21.604+05:30  INFO 13140 --- [booktickets] [http-nio-8080-exec-1] c.e.b.service.BookTicketServiceImpl      : BookTicketServiceImpl :: generateSeatNumber :: Generated seat number: B1 for section: B
2024-09-28T11:18:21.604+05:30  INFO 13140 --- [booktickets] [http-nio-8080-exec-1] c.e.b.service.BookTicketServiceImpl      : BookTicketServiceImpl :: buyTicket :: Ticket purchased successfully for user: bansals@gmail.com with seat: B1
2024-09-28T11:18:21.604+05:30  INFO 13140 --- [booktickets] [http-nio-8080-exec-1] c.e.b.controller.BookTicketController    : BookTicketController :: buyTicket :: Purchase Successful 
2024-09-28T11:18:25.901+05:30  INFO 13140 --- [booktickets] [http-nio-8080-exec-2] c.e.b.controller.BookTicketController    : BookTicketController :: getTicketDetails :: Fetching ticket details for Email: bansals@gmail.com
2024-09-28T11:18:25.901+05:30  INFO 13140 --- [booktickets] [http-nio-8080-exec-2] c.e.b.service.BookTicketServiceImpl      : BookTicketServiceImpl :: getTicketDetails :: Fetching ticket details for email: bansals@gmail.com
2024-09-28T11:18:25.905+05:30  INFO 13140 --- [booktickets] [http-nio-8080-exec-2] c.e.b.service.BookTicketServiceImpl      : BookTicketServiceImpl :: getTicketDetails :: Ticket found for email: bansals@gmail.com
2024-09-28T11:18:25.905+05:30  INFO 13140 --- [booktickets] [http-nio-8080-exec-2] c.e.b.controller.BookTicketController    : BookTicketController :: getTicketDetails :: Ticket details retrieved successfully for Email: bansals@gmail.com
2024-09-28T11:18:31.345+05:30  INFO 13140 --- [booktickets] [http-nio-8080-exec-4] c.e.b.controller.BookTicketController    : BookTicketController :: getTicketsForSection :: Fetching tickets for Section: A
2024-09-28T11:18:31.345+05:30  INFO 13140 --- [booktickets] [http-nio-8080-exec-4] c.e.b.service.BookTicketServiceImpl      : BookTicketServiceImpl :: getTicketsForSection :: Fetching tickets for section: A
2024-09-28T11:18:31.345+05:30  INFO 13140 --- [booktickets] [http-nio-8080-exec-4] c.e.b.service.BookTicketServiceImpl      : BookTicketServiceImpl :: getTicketsForSection :: No tickets found for section: A
2024-09-28T11:18:31.345+05:30  INFO 13140 --- [booktickets] [http-nio-8080-exec-4] c.e.b.controller.BookTicketController    : BookTicketController :: getTicketsForSection :: No tickets found for Section: A
2024-09-28T11:18:37.076+05:30  INFO 13140 --- [booktickets] [http-nio-8080-exec-5] c.e.b.controller.BookTicketController    : BookTicketController :: getTicketsForSection :: Fetching tickets for Section: B
2024-09-28T11:18:37.076+05:30  INFO 13140 --- [booktickets] [http-nio-8080-exec-5] c.e.b.service.BookTicketServiceImpl      : BookTicketServiceImpl :: getTicketsForSection :: Fetching tickets for section: B
2024-09-28T11:18:37.076+05:30  INFO 13140 --- [booktickets] [http-nio-8080-exec-5] c.e.b.service.BookTicketServiceImpl      : BookTicketServiceImpl :: getTicketsForSection :: 1 tickets found for section: B
2024-09-28T11:18:37.076+05:30  INFO 13140 --- [booktickets] [http-nio-8080-exec-5] c.e.b.controller.BookTicketController    : BookTicketController :: getTicketsForSection :: Tickets retrieved successfully for Section: B
2024-09-28T11:18:47.107+05:30  INFO 13140 --- [booktickets] [http-nio-8080-exec-6] c.e.b.controller.BookTicketController    : BookTicketController :: modifyUserSeat :: Modifying seat for User: bansals@gmail.com to Section: a
2024-09-28T11:18:47.109+05:30  INFO 13140 --- [booktickets] [http-nio-8080-exec-6] c.e.b.service.BookTicketServiceImpl      : BookTicketServiceImpl :: modifyUserSeat :: Modifying seat for user with email: bansals@gmail.com to new section: a
2024-09-28T11:18:47.110+05:30  INFO 13140 --- [booktickets] [http-nio-8080-exec-6] c.e.b.service.BookTicketServiceImpl      : BookTicketServiceImpl :: getTicketDetails :: Fetching ticket details for email: bansals@gmail.com
2024-09-28T11:18:47.110+05:30  INFO 13140 --- [booktickets] [http-nio-8080-exec-6] c.e.b.service.BookTicketServiceImpl      : BookTicketServiceImpl :: getTicketDetails :: Ticket found for email: bansals@gmail.com
2024-09-28T11:18:47.110+05:30  INFO 13140 --- [booktickets] [http-nio-8080-exec-6] c.e.b.service.BookTicketServiceImpl      : BookTicketServiceImpl :: modifyUserSeat :: Modification failed for user with email: bansals@gmail.com. Check email or section
2024-09-28T11:18:47.110+05:30  INFO 13140 --- [booktickets] [http-nio-8080-exec-6] c.e.b.controller.BookTicketController    : BookTicketController :: modifyUserSeat :: Modification failed for User: bansals@gmail.com. Check user email or section
2024-09-28T11:19:00.444+05:30  INFO 13140 --- [booktickets] [http-nio-8080-exec-10] c.e.b.controller.BookTicketController    : BookTicketController :: getTicketDetails :: Fetching ticket details for Email: bansals@gmail.com
2024-09-28T11:19:00.444+05:30  INFO 13140 --- [booktickets] [http-nio-8080-exec-10] c.e.b.service.BookTicketServiceImpl      : BookTicketServiceImpl :: getTicketDetails :: Fetching ticket details for email: bansals@gmail.com
2024-09-28T11:19:00.444+05:30  INFO 13140 --- [booktickets] [http-nio-8080-exec-10] c.e.b.service.BookTicketServiceImpl      : BookTicketServiceImpl :: getTicketDetails :: Ticket found for email: bansals@gmail.com
2024-09-28T11:19:00.444+05:30  INFO 13140 --- [booktickets] [http-nio-8080-exec-10] c.e.b.controller.BookTicketController    : BookTicketController :: getTicketDetails :: Ticket details retrieved successfully for Email: bansals@gmail.com
2024-09-28T11:19:07.945+05:30  INFO 13140 --- [booktickets] [http-nio-8080-exec-8] c.e.b.controller.BookTicketController    : BookTicketController :: getTicketsForSection :: Fetching tickets for Section: B
2024-09-28T11:19:07.945+05:30  INFO 13140 --- [booktickets] [http-nio-8080-exec-8] c.e.b.service.BookTicketServiceImpl      : BookTicketServiceImpl :: getTicketsForSection :: Fetching tickets for section: B
2024-09-28T11:19:07.945+05:30  INFO 13140 --- [booktickets] [http-nio-8080-exec-8] c.e.b.service.BookTicketServiceImpl      : BookTicketServiceImpl :: getTicketsForSection :: 1 tickets found for section: B
2024-09-28T11:19:07.945+05:30  INFO 13140 --- [booktickets] [http-nio-8080-exec-8] c.e.b.controller.BookTicketController    : BookTicketController :: getTicketsForSection :: Tickets retrieved successfully for Section: B
2024-09-28T11:20:17.450+05:30  INFO 13140 --- [booktickets] [http-nio-8080-exec-3] c.e.b.controller.BookTicketController    : BookTicketController :: modifyUserSeat :: Modifying seat for User: bansals@gmail.com to Section: a
2024-09-28T11:20:17.450+05:30  INFO 13140 --- [booktickets] [http-nio-8080-exec-3] c.e.b.service.BookTicketServiceImpl      : BookTicketServiceImpl :: modifyUserSeat :: Modifying seat for user with email: bansals@gmail.com to new section: a
2024-09-28T11:20:17.451+05:30  INFO 13140 --- [booktickets] [http-nio-8080-exec-3] c.e.b.service.BookTicketServiceImpl      : BookTicketServiceImpl :: getTicketDetails :: Fetching ticket details for email: bansals@gmail.com
2024-09-28T11:20:17.451+05:30  INFO 13140 --- [booktickets] [http-nio-8080-exec-3] c.e.b.service.BookTicketServiceImpl      : BookTicketServiceImpl :: getTicketDetails :: Ticket found for email: bansals@gmail.com
2024-09-28T11:20:17.451+05:30  INFO 13140 --- [booktickets] [http-nio-8080-exec-3] c.e.b.service.BookTicketServiceImpl      : BookTicketServiceImpl :: modifyUserSeat :: Modification failed for user with email: bansals@gmail.com. Check email or section
2024-09-28T11:20:17.451+05:30  INFO 13140 --- [booktickets] [http-nio-8080-exec-3] c.e.b.controller.BookTicketController    : BookTicketController :: modifyUserSeat :: Modification failed for User: bansals@gmail.com. Check user email or section
2024-09-28T11:21:11.019+05:30  INFO 22476 --- [booktickets] [main] c.e.booktickets.BookticketsApplication   : Starting BookticketsApplication using Java 17 with PID 22476 (C:\Users\91765\Downloads\booktickets\booktickets\target\classes started by 91765 in C:\Users\91765\Downloads\booktickets\booktickets)
2024-09-28T11:21:11.023+05:30  INFO 22476 --- [booktickets] [main] c.e.booktickets.BookticketsApplication   : No active profile set, falling back to 1 default profile: "default"
2024-09-28T11:21:11.820+05:30  INFO 22476 --- [booktickets] [main] o.s.b.w.embedded.tomcat.TomcatWebServer  : Tomcat initialized with port 8080 (http)
2024-09-28T11:21:11.838+05:30  INFO 22476 --- [booktickets] [main] o.apache.catalina.core.StandardService   : Starting service [Tomcat]
2024-09-28T11:21:11.838+05:30  INFO 22476 --- [booktickets] [main] o.apache.catalina.core.StandardEngine    : Starting Servlet engine: [Apache Tomcat/10.1.30]
2024-09-28T11:21:11.890+05:30  INFO 22476 --- [booktickets] [main] o.a.c.c.C.[Tomcat].[localhost].[/]       : Initializing Spring embedded WebApplicationContext
2024-09-28T11:21:11.890+05:30  INFO 22476 --- [booktickets] [main] w.s.c.ServletWebServerApplicationContext : Root WebApplicationContext: initialization completed in 821 ms
2024-09-28T11:21:12.278+05:30  INFO 22476 --- [booktickets] [main] o.s.b.w.embedded.tomcat.TomcatWebServer  : Tomcat started on port 8080 (http) with context path '/'
2024-09-28T11:21:12.287+05:30  INFO 22476 --- [booktickets] [main] c.e.booktickets.BookticketsApplication   : Started BookticketsApplication in 1.667 seconds (process running for 2.213)
2024-09-28T11:21:14.251+05:30  INFO 22476 --- [booktickets] [http-nio-8080-exec-1] o.a.c.c.C.[Tomcat].[localhost].[/]       : Initializing Spring DispatcherServlet 'dispatcherServlet'
2024-09-28T11:21:14.251+05:30  INFO 22476 --- [booktickets] [http-nio-8080-exec-1] o.s.web.servlet.DispatcherServlet        : Initializing Servlet 'dispatcherServlet'
2024-09-28T11:21:14.256+05:30  INFO 22476 --- [booktickets] [http-nio-8080-exec-1] o.s.web.servlet.DispatcherServlet        : Completed initialization in 5 ms
2024-09-28T11:21:14.388+05:30  INFO 22476 --- [booktickets] [http-nio-8080-exec-1] c.e.b.controller.BookTicketController    : BookTicketController :: buyTicket :: Purchasing Ticket 
2024-09-28T11:21:14.388+05:30  INFO 22476 --- [booktickets] [http-nio-8080-exec-1] c.e.b.service.BookTicketServiceImpl      : BookTicketServiceImpl :: buyTicket :: Purchasing ticket for user: bansals@gmail.com
2024-09-28T11:21:14.388+05:30  INFO 22476 --- [booktickets] [http-nio-8080-exec-1] c.e.b.service.BookTicketServiceImpl      : BookTicketServiceImpl :: getRandomSection :: Randomly selected section: A
2024-09-28T11:21:14.388+05:30  INFO 22476 --- [booktickets] [http-nio-8080-exec-1] c.e.b.service.BookTicketServiceImpl      : BookTicketServiceImpl :: generateSeatNumber :: Generated seat number: A1 for section: A
2024-09-28T11:21:14.388+05:30  INFO 22476 --- [booktickets] [http-nio-8080-exec-1] c.e.b.service.BookTicketServiceImpl      : BookTicketServiceImpl :: buyTicket :: Ticket purchased successfully for user: bansals@gmail.com with seat: A1
2024-09-28T11:21:14.388+05:30  INFO 22476 --- [booktickets] [http-nio-8080-exec-1] c.e.b.controller.BookTicketController    : BookTicketController :: buyTicket :: Purchase Successful 
2024-09-28T11:21:21.804+05:30  INFO 22476 --- [booktickets] [http-nio-8080-exec-3] c.e.b.controller.BookTicketController    : BookTicketController :: modifyUserSeat :: Modifying seat for User: bansals@gmail.com to Section: B
2024-09-28T11:21:21.804+05:30  INFO 22476 --- [booktickets] [http-nio-8080-exec-3] c.e.b.service.BookTicketServiceImpl      : BookTicketServiceImpl :: modifyUserSeat :: Modifying seat for user with email: bansals@gmail.com to new section: B
2024-09-28T11:21:21.804+05:30  INFO 22476 --- [booktickets] [http-nio-8080-exec-3] c.e.b.service.BookTicketServiceImpl      : BookTicketServiceImpl :: getTicketDetails :: Fetching ticket details for email: bansals@gmail.com
2024-09-28T11:21:21.804+05:30  INFO 22476 --- [booktickets] [http-nio-8080-exec-3] c.e.b.service.BookTicketServiceImpl      : BookTicketServiceImpl :: getTicketDetails :: Ticket found for email: bansals@gmail.com
2024-09-28T11:21:21.804+05:30  INFO 22476 --- [booktickets] [http-nio-8080-exec-3] c.e.b.service.BookTicketServiceImpl      : BookTicketServiceImpl :: generateSeatNumber :: Generated seat number: B1 for section: B
2024-09-28T11:21:21.804+05:30  INFO 22476 --- [booktickets] [http-nio-8080-exec-3] c.e.b.service.BookTicketServiceImpl      : BookTicketServiceImpl :: modifyUserSeat :: User seat modified successfully for email: bansals@gmail.com to new section: B
2024-09-28T11:21:21.804+05:30  INFO 22476 --- [booktickets] [http-nio-8080-exec-3] c.e.b.controller.BookTicketController    : BookTicketController :: modifyUserSeat :: User seat modified successfully for User: bansals@gmail.com to Section: B
2024-09-28T11:21:25.654+05:30  INFO 22476 --- [booktickets] [http-nio-8080-exec-4] c.e.b.controller.BookTicketController    : BookTicketController :: getTicketDetails :: Fetching ticket details for Email: bansals@gmail.com
2024-09-28T11:21:25.654+05:30  INFO 22476 --- [booktickets] [http-nio-8080-exec-4] c.e.b.service.BookTicketServiceImpl      : BookTicketServiceImpl :: getTicketDetails :: Fetching ticket details for email: bansals@gmail.com
2024-09-28T11:21:25.654+05:30  INFO 22476 --- [booktickets] [http-nio-8080-exec-4] c.e.b.service.BookTicketServiceImpl      : BookTicketServiceImpl :: getTicketDetails :: Ticket found for email: bansals@gmail.com
2024-09-28T11:21:25.654+05:30  INFO 22476 --- [booktickets] [http-nio-8080-exec-4] c.e.b.controller.BookTicketController    : BookTicketController :: getTicketDetails :: Ticket details retrieved successfully for Email: bansals@gmail.com
2024-09-28T11:21:38.687+05:30  INFO 22476 --- [booktickets] [http-nio-8080-exec-5] c.e.b.controller.BookTicketController    : BookTicketController :: removeUser :: Removing user with Email: bansals@gmail.com
2024-09-28T11:21:38.687+05:30  INFO 22476 --- [booktickets] [http-nio-8080-exec-5] c.e.b.service.BookTicketServiceImpl      : BookTicketServiceImpl :: removeUser :: Removing user with email: bansals@gmail.com
2024-09-28T11:21:38.687+05:30  INFO 22476 --- [booktickets] [http-nio-8080-exec-5] c.e.b.service.BookTicketServiceImpl      : BookTicketServiceImpl :: getTicketDetails :: Fetching ticket details for email: bansals@gmail.com
2024-09-28T11:21:38.687+05:30  INFO 22476 --- [booktickets] [http-nio-8080-exec-5] c.e.b.service.BookTicketServiceImpl      : BookTicketServiceImpl :: getTicketDetails :: Ticket found for email: bansals@gmail.com
2024-09-28T11:21:38.687+05:30  INFO 22476 --- [booktickets] [http-nio-8080-exec-5] c.e.b.service.BookTicketServiceImpl      : BookTicketServiceImpl :: removeUser :: User removed successfully with email: bansals@gmail.com
2024-09-28T11:21:38.687+05:30  INFO 22476 --- [booktickets] [http-nio-8080-exec-5] c.e.b.controller.BookTicketController    : BookTicketController :: removeUser :: User removed successfully for Email: bansals@gmail.com
2024-09-28T11:21:45.959+05:30  INFO 22476 --- [booktickets] [http-nio-8080-exec-6] c.e.b.controller.BookTicketController    : BookTicketController :: removeUser :: Removing user with Email: bansals@gmail.co
2024-09-28T11:21:45.959+05:30  INFO 22476 --- [booktickets] [http-nio-8080-exec-6] c.e.b.service.BookTicketServiceImpl      : BookTicketServiceImpl :: removeUser :: Removing user with email: bansals@gmail.co
2024-09-28T11:21:45.959+05:30  INFO 22476 --- [booktickets] [http-nio-8080-exec-6] c.e.b.service.BookTicketServiceImpl      : BookTicketServiceImpl :: getTicketDetails :: Fetching ticket details for email: bansals@gmail.co
2024-09-28T11:21:45.959+05:30  INFO 22476 --- [booktickets] [http-nio-8080-exec-6] c.e.b.service.BookTicketServiceImpl      : BookTicketServiceImpl :: getTicketDetails :: No ticket found for email: bansals@gmail.co
2024-09-28T11:21:45.959+05:30  INFO 22476 --- [booktickets] [http-nio-8080-exec-6] c.e.b.service.BookTicketServiceImpl      : BookTicketServiceImpl :: removeUser :: User not found or could not be removed for email: bansals@gmail.co
2024-09-28T11:21:45.959+05:30  INFO 22476 --- [booktickets] [http-nio-8080-exec-6] c.e.b.controller.BookTicketController    : BookTicketController :: removeUser :: User not found or could not be removed for Email: bansals@gmail.co
